2021-11-10 17:11:30,829 INFO  [ContextLoaderListener] ***********************************************************************************
2021-11-10 17:11:30,831 INFO  [ContextLoaderListener]    _____ _                   _              _          
2021-11-10 17:11:30,831 INFO  [ContextLoaderListener]   / ____| |                 | |            (_)         
2021-11-10 17:11:30,832 INFO  [ContextLoaderListener]  | (___ | |_ _ __ _   _  ___| |_ _   _ _ __ _ _____ __ 
2021-11-10 17:11:30,833 INFO  [ContextLoaderListener]   \___ \| __| '__| | | |/ __| __| | | | '__| |_  / '__|
2021-11-10 17:11:30,833 INFO  [ContextLoaderListener]   ____) | |_| |  | |_| | (__| |_| |_| | |  | |/ /| |   
2021-11-10 17:11:30,834 INFO  [ContextLoaderListener]  |_____/ \__|_|   \__,_|\___|\__|\__,_|_|  |_/___|_|   
2021-11-10 17:11:30,835 INFO  [ContextLoaderListener]                                                        
2021-11-10 17:11:30,835 INFO  [ContextLoaderListener]  Structurizr Lite
2021-11-10 17:11:30,839 INFO  [ContextLoaderListener]  Build: 2544
2021-11-10 17:11:30,841 INFO  [ContextLoaderListener]  Built: 2021-10-18T18:38:30Z
2021-11-10 17:11:30,881 INFO  [ContextLoaderListener]  Structurizr DSL: v1.16.0
2021-11-10 17:11:30,882 INFO  [ContextLoaderListener] 
2021-11-10 17:11:30,883 INFO  [ContextLoaderListener]  Memory: used=128MB; free=127MB; total=256MB; max=256MB
2021-11-10 17:11:30,884 INFO  [ContextLoaderListener] ***********************************************************************************
2021-11-10 17:47:26,111 WARN  [PageNotFound] No mapping found for HTTP request with URI [/HNAP1/] in DispatcherServlet with name 'root'
2021-11-10 18:50:30,571 WARN  [ViewSet] Could not find a matching view for "Shared Web Editor - PHP Server - Components" ... diagram layout information may be lost.
2021-11-10 19:32:08,196 WARN  [ViewSet] Could not find a matching view for "Shared Web Editor - Document Control Server - Components" ... diagram layout information may be lost.
2021-11-10 19:33:07,872 WARN  [View] There is no layout information for the element named Document Instance Server on view documentControlServer
2021-11-10 19:33:56,050 WARN  [View] There is no layout information for the element named Document Application on view documentControlServer
2021-11-10 19:42:02,814 WARN  [View] There is no layout information for the element named Document Application on view phpServer
